Arguments: 
  /usr/local/bin/node /Users/BBH/GoCO/.yarn/releases/yarn-1.18.0.js policies set-version 1.17.0

PATH: 
  /opt/local/bin:/opt/local/sbin:/usr/local/bin:/usr/bin:/bin:/usr/sbin:/sbin:/Applications/VMware Fusion.app/Contents/Public:/usr/local/go/bin:/usr/local/share/dotnet:/opt/X11/bin:~/.dotnet/tools:/Library/Apple/usr/bin:/Library/Frameworks/Mono.framework/Versions/Current/Commands

Yarn version: 
  1.18.0

Node version: 
  12.16.3

Platform: 
  darwin x64

Trace: 
  Error: Release not found: 1.17.0
      at /Users/BBH/GoCO/.yarn/releases/yarn-1.18.0.js:98186:17
      at Generator.next (<anonymous>)
      at step (/Users/BBH/GoCO/.yarn/releases/yarn-1.18.0.js:310:30)
      at /Users/BBH/GoCO/.yarn/releases/yarn-1.18.0.js:321:13
      at processTicksAndRejections (internal/process/task_queues.js:97:5)

npm manifest: 
  No manifest

yarn manifest: 
  No manifest

Lockfile: 
  # THIS IS AN AUTOGENERATED FILE. DO NOT EDIT THIS FILE DIRECTLY.
  # yarn lockfile v1
